ContactsInline/proguard-project.txt
#-keepnames class *
#-keepclassmembernames class * { *; }

-keep class org.acra.* 
-keep class org.acra.ReportingInteractionMode {
    *;
}
-keep class fr.prados.contacts.Application

-keep class * {
 ** onQueryComplete(fr.prados.contacts.providers.ResultsAndExceptions,boolean);
}

-keepclassmembernames class fr.prados.contacts.test.* { *; }