ContactsInline/proguard/seeds.txt
fr.prados.contacts.Application
fr.prados.contacts.BuildConfig
fr.prados.contacts.Constants
fr.prados.contacts.ContactId
fr.prados.contacts.ContactId: android.os.Parcelable$Creator CREATOR
fr.prados.contacts.ContactId$1
fr.prados.contacts.R
fr.prados.contacts.R$anim
fr.prados.contacts.R$anim: int push_left_in
fr.prados.contacts.R$anim: int push_left_out
fr.prados.contacts.R$attr
fr.prados.contacts.R$attr: int contact_browser_background
fr.prados.contacts.R$attr: int contact_browser_list_padding_left
fr.prados.contacts.R$attr: int contact_browser_list_padding_right
fr.prados.contacts.R$attr: int list_item_header_height
fr.prados.contacts.R$attr: int showHeader
fr.prados.contacts.R$color
fr.prados.contacts.R$color: int dim_foreground_dark
fr.prados.contacts.R$color: int list_background
fr.prados.contacts.R$color: int list_divider
fr.prados.contacts.R$color: int section_header_text_color
fr.prados.contacts.R$color: int text_hightlight
fr.prados.contacts.R$color: int text_hint
fr.prados.contacts.R$color: int text_link
fr.prados.contacts.R$dimen
fr.prados.contacts.R$dimen: int edit_photo_size
fr.prados.contacts.R$dimen: int list_section_height
fr.prados.contacts.R$dimen: int photo_resize
fr.prados.contacts.R$drawable
fr.prados.contacts.R$drawable: int ab_bottom_opaque_dark_holo
fr.prados.contacts.R$drawable: int ab_solid_custom_blue_inverse_holo
fr.prados.contacts.R$drawable: int ab_stacked_opaque_dark_holo
fr.prados.contacts.R$drawable: int ab_stacked_solid_inverse_holo
fr.prados.contacts.R$drawable: int action_bar_item_background
fr.prados.contacts.R$drawable: int action_bar_item_focused_holo_light
fr.prados.contacts.R$drawable: int action_bar_item_pressed_holo_light
fr.prados.contacts.R$drawable: int action_bar_tab
fr.prados.contacts.R$drawable: int border
fr.prados.contacts.R$drawable: int call_background
fr.prados.contacts.R$drawable: int dark_header
fr.prados.contacts.R$drawable: int divider_vertical_dark
fr.prados.contacts.R$drawable: int ic_contact_list_picture
fr.prados.contacts.R$drawable: int ic_launcher_contacts
fr.prados.contacts.R$drawable: int ic_menu_account_list
fr.prados.contacts.R$drawable: int ic_menu_accounts
fr.prados.contacts.R$drawable: int ic_menu_import_export
fr.prados.contacts.R$drawable: int ic_menu_settings
fr.prados.contacts.R$drawable: int ic_settings_applications
fr.prados.contacts.R$drawable: int infobar_dark
fr.prados.contacts.R$drawable: int list_item_divider
fr.prados.contacts.R$drawable: int list_section_divider_holo_custom
fr.prados.contacts.R$drawable: int magnifying_glass
fr.prados.contacts.R$drawable: int tab_focused
fr.prados.contacts.R$drawable: int tab_focused_bottom
fr.prados.contacts.R$drawable: int tab_pressed
fr.prados.contacts.R$id
fr.prados.contacts.R$id: int call_button
fr.prados.contacts.R$id: int call_view
fr.prados.contacts.R$id: int contacts
fr.prados.contacts.R$id: int data
fr.prados.contacts.R$id: int divider
fr.prados.contacts.R$id: int emptyText
fr.prados.contacts.R$id: int errorsText
fr.prados.contacts.R$id: int header
fr.prados.contacts.R$id: int header_text
fr.prados.contacts.R$id: int help_part1
fr.prados.contacts.R$id: int help_part2
fr.prados.contacts.R$id: int label
fr.prados.contacts.R$id: int menu_accounts
fr.prados.contacts.R$id: int menu_add_star
fr.prados.contacts.R$id: int menu_call
fr.prados.contacts.R$id: int menu_extensions
fr.prados.contacts.R$id: int menu_help
fr.prados.contacts.R$id: int menu_import
fr.prados.contacts.R$id: int menu_search
fr.prados.contacts.R$id: int menu_send_sms
fr.prados.contacts.R$id: int menu_view_contact
fr.prados.contacts.R$id: int name
fr.prados.contacts.R$id: int noQuickContactPhoto
fr.prados.contacts.R$id: int ok
fr.prados.contacts.R$id: int photo
fr.prados.contacts.R$id: int presence
fr.prados.contacts.R$id: int right_side
fr.prados.contacts.R$id: int scrollView1
fr.prados.contacts.R$id: int textView1
fr.prados.contacts.R$id: int totalContactsText
...
android.annotation.SuppressLint
android.annotation.TargetApi
com.flurry.android.AdImage
com.flurry.android.AppCircle
com.flurry.android.AppCircleCallback
com.flurry.android.CallbackEvent
com.flurry.android.CatalogActivity
com.flurry.android.CatalogActivity: void onClick(android.view.View)
com.flurry.android.Constants
com.flurry.android.FlurryAgent
com.flurry.android.FlurryAgent$FlurryDefaultExceptionHandler
com.flurry.android.InstallReceiver
com.flurry.android.Offer
com.flurry.android.OfferInSdk
com.flurry.android.a
com.flurry.android.aa
com.flurry.android.ab
com.flurry.android.ac
com.flurry.android.ad
com.flurry.android.ae
com.flurry.android.af
com.flurry.android.ag
com.flurry.android.ah
com.flurry.android.ai
com.flurry.android.aj
com.flurry.android.ak
com.flurry.android.al
com.flurry.android.b
com.flurry.android.c
com.flurry.android.d
com.flurry.android.e
com.flurry.android.f
com.flurry.android.g
com.flurry.android.h
com.flurry.android.i
com.flurry.android.j
com.flurry.android.k
com.flurry.android.l
com.flurry.android.m
com.flurry.android.n
com.flurry.android.o
com.flurry.android.p
com.flurry.android.q
com.flurry.android.r
com.flurry.android.s
com.flurry.android.t
com.flurry.android.u
com.flurry.android.v
com.flurry.android.w
com.flurry.android.x
com.flurry.android.y
com.flurry.android.z
org.acra.ACRA
org.acra.ACRA$1
org.acra.ACRA$2
org.acra.ACRAConfigurationException
org.acra.Compatibility
org.acra.ConfigurationInspector
org.acra.CrashReportData
org.acra.CrashReportDialog
org.acra.CrashReportDialog$1
org.acra.CrashReportDialog$2
org.acra.DeviceFeaturesCollector
org.acra.DropBoxCollector
org.acra.DumpSysCollector
org.acra.ErrorReporter
org.acra.ErrorReporter$1
org.acra.ErrorReporter$2
org.acra.ErrorReporter$ReportsSenderWorker
org.acra.LogCatCollector
org.acra.ReflectionCollector
org.acra.ReportField
org.acra.ReportField: org.acra.ReportField[] values()
org.acra.ReportField: org.acra.ReportField valueOf(java.lang.String)
org.acra.ReportingInteractionMode
org.acra.ReportingInteractionMode: org.acra.ReportingInteractionMode[] values()
org.acra.ReportingInteractionMode: org.acra.ReportingInteractionMode valueOf(java.lang.String)
org.acra.SettingsCollector
org.acra.SharedPreferencesCollector
org.acra.annotation.ReportsCrashes
org.acra.sender.EmailIntentSender
org.acra.sender.GoogleFormSender
org.acra.sender.GoogleFormSender$1
org.acra.sender.HttpPostSender
org.acra.sender.ReportSender
org.acra.sender.ReportSenderException
org.acra.util.Base64
org.acra.util.Base64$Coder
org.acra.util.Base64$Decoder
org.acra.util.Base64$Encoder
org.acra.util.BoundedLinkedList
org.acra.util.FakeSocketFactory
org.acra.util.HttpRequest
org.acra.util.HttpUtils
org.acra.util.Installation
org.acra.util.NaiveTrustManager