ContactsInline/proguard/mapping.txt
fr.prados.contacts.Application -> fr.prados.contacts.Application:
    android.content.Context context -> a
    java.util.concurrent.ExecutorService _executor -> b
    java.lang.String sPackageName -> c
    int VERSION -> d
    void onCreate() -> onCreate
    void onTerminate() -> onTerminate
fr.prados.contacts.BuildConfig -> fr.prados.contacts.BuildConfig:
fr.prados.contacts.Constants -> fr.prados.contacts.Constants:
    boolean DEBUG -> a
    boolean EMULATOR -> b
    boolean D -> c
    java.util.Date EXPIRED_BETA -> d
    java.util.Random FAKE_ERROR -> e
fr.prados.contacts.ContactId -> fr.prados.contacts.ContactId:
    java.lang.CharSequence accountType -> a
    java.lang.CharSequence accountName -> b
    java.lang.CharSequence lookupKey -> c
    java.lang.CharSequence _hashKey -> d
    android.os.Parcelable$Creator CREATOR -> CREATOR
    void writeToParcel(android.os.Parcel,int) -> writeToParcel
    int describeContents() -> describeContents
    java.lang.String toString() -> toString
    int hashCode() -> hashCode
    boolean equals(java.lang.Object) -> equals
fr.prados.contacts.ContactId$1 -> fr.prados.contacts.ContactId$1:
    fr.prados.contacts.ContactId createFromParcel(android.os.Parcel) -> a
    fr.prados.contacts.ContactId[] newArray(int) -> a
    java.lang.Object createFromParcel(android.os.Parcel) -> createFromParcel
    java.lang.Object[] newArray(int) -> newArray
fr.prados.contacts.R -> fr.prados.contacts.R:
fr.prados.contacts.R$anim -> fr.prados.contacts.R$anim:
    int push_left_in -> push_left_in
    int push_left_out -> push_left_out
fr.prados.contacts.R$attr -> fr.prados.contacts.R$attr:
    int contact_browser_background -> contact_browser_background
    int contact_browser_list_padding_left -> contact_browser_list_padding_left
    int contact_browser_list_padding_right -> contact_browser_list_padding_right
    int list_item_header_height -> list_item_header_height
    int showHeader -> showHeader
fr.prados.contacts.R$color -> fr.prados.contacts.R$color:
    int dim_foreground_dark -> dim_foreground_dark
    int list_background -> list_background
    int list_divider -> list_divider
    int section_header_text_color -> section_header_text_color
    int text_hightlight -> text_hightlight
    int text_hint -> text_hint
    int text_link -> text_link
fr.prados.contacts.R$dimen -> fr.prados.contacts.R$dimen:
    int edit_photo_size -> edit_photo_size
    int list_section_height -> list_section_height
    int photo_resize -> photo_resize
fr.prados.contacts.R$drawable -> fr.prados.contacts.R$drawable:
    int ab_bottom_opaque_dark_holo -> ab_bottom_opaque_dark_holo
    int ab_solid_custom_blue_inverse_holo -> ab_solid_custom_blue_inverse_holo
    int ab_stacked_opaque_dark_holo -> ab_stacked_opaque_dark_holo
    int ab_stacked_solid_inverse_holo -> ab_stacked_solid_inverse_holo
    int action_bar_item_background -> action_bar_item_background
    int action_bar_item_focused_holo_light -> action_bar_item_focused_holo_light
    int action_bar_item_pressed_holo_light -> action_bar_item_pressed_holo_light
    int action_bar_tab -> action_bar_tab
    int border -> border
    int call_background -> call_background
    int dark_header -> dark_header
    int divider_vertical_dark -> divider_vertical_dark
    int ic_contact_list_picture -> ic_contact_list_picture
    int ic_launcher_contacts -> ic_launcher_contacts
    int ic_menu_account_list -> ic_menu_account_list
    int ic_menu_accounts -> ic_menu_accounts
    int ic_menu_import_export -> ic_menu_import_export
    int ic_menu_settings -> ic_menu_settings
    int ic_settings_applications -> ic_settings_applications
    int infobar_dark -> infobar_dark
    int list_item_divider -> list_item_divider
    int list_section_divider_holo_custom -> list_section_divider_holo_custom
    int magnifying_glass -> magnifying_glass
    int tab_focused -> tab_focused
    int tab_focused_bottom -> tab_focused_bottom
    int tab_pressed -> tab_pressed
...
org.acra.ErrorReporter -> org.acra.ErrorReporter:
    boolean enabled -> c
    java.util.ArrayList mReportSenders -> d
    org.acra.CrashReportData mCrashProperties -> e
    java.util.Map mCustomParameters -> a
    java.lang.String SILENT_SUFFIX -> b
    java.lang.Thread$UncaughtExceptionHandler mDfltExceptionHandler -> f
    org.acra.ErrorReporter mInstanceSingleton -> g
    android.content.Context mContext -> h
    java.lang.String mInitialConfiguration -> i
    org.acra.ReportingInteractionMode mReportingInteractionMode -> j
    void approvePendingReports() -> a
    java.lang.String createCustomInfoString() -> i
    org.acra.ErrorReporter getInstance() -> b
    void init(android.content.Context) -> a
    long getAvailableInternalMemorySize() -> j
    long getTotalInternalMemorySize() -> k
    void retrieveCrashData(android.content.Context) -> b
    java.lang.String toString(android.view.Display) -> a
    void uncaughtException(java.lang.Thread,java.lang.Throwable) -> uncaughtException
    org.acra.ErrorReporter$ReportsSenderWorker handleException(java.lang.Throwable,org.acra.ReportingInteractionMode) -> a
    org.acra.ErrorReporter$ReportsSenderWorker handleException(java.lang.Throwable) -> a
    void notifySendReport(java.lang.String) -> a
    void sendCrashReport(android.content.Context,org.acra.CrashReportData) -> a
    java.lang.String saveCrashReportFile(java.lang.String,org.acra.CrashReportData) -> a
    java.lang.String[] getCrashReportFilesList() -> c
org.acra.ErrorReporter$1 -> org.acra.ErrorReporter$1:
    org.acra.ErrorReporter this$0 -> a
    void run() -> run
org.acra.ErrorReporter$2 -> org.acra.ErrorReporter$2:
    org.acra.ErrorReporter this$0 -> a
    boolean accept(java.io.File,java.lang.String) -> accept
org.acra.ErrorReporter$ReportsSenderWorker -> org.acra.ErrorReporter$ReportsSenderWorker:
    java.lang.String mCommentedReportFileName -> b
    java.lang.String mUserComment -> c
    java.lang.String mUserEmail -> d
    boolean mSendOnlySilentReports -> e
    boolean mApprovePendingReports -> f
    org.acra.ErrorReporter this$0 -> a
    void run() -> run
    android.os.PowerManager$WakeLock acquireWakeLock() -> b
    void setUserComment(java.lang.String,java.lang.String) -> a
    void setUserEmail(java.lang.String,java.lang.String) -> b
    void setApprovePendingReports() -> a
org.acra.LogCatCollector -> org.acra.LogCatCollector:
    java.lang.String collectLogCat(java.lang.String) -> a
org.acra.ReflectionCollector -> org.acra.ReflectionCollector:
    java.lang.String collectConstants(java.lang.Class) -> a
    java.lang.String collectStaticGettersResults(java.lang.Class) -> b