ContactsInline/proguard/usage.txt
fr.prados.contacts.BuildConfig:
    public static final boolean DEBUG
fr.prados.contacts.Constants:
    public static final java.lang.String TAG
    public static final boolean E
    public static final boolean W
    public static final boolean I
    public static final boolean V
    public static final boolean DUMP
    public static final boolean PHOTO
    public static final boolean FACE_DETECTOR
    public static final boolean FACE_SHOW
    public static final boolean REQUERY_AFTER_KILL
    public static final boolean SYNC_SEARCH
    public static final int IMAGE_POOL_SIZE
    public static final int IMAGE_POOL_PRIORITY
    public static final boolean DNTOADDR
    public static final boolean DNTONAME
    public static final int NB_RETRY_DNTO
    public static final boolean USE_PRE_CONNECTION
    public static final long CACHE_TIMEOUT
    public static final int MAX_LRU
    public static final int FAKE_ERROR_PROBABILITY
    public static final boolean RECORD_LIMIT
fr.prados.contacts.VolatileContact:
    private static final java.lang.String TAG
    120:120:public java.lang.String getLookupkey()
    133:135:public fr.prados.contacts.VolatileRawContact addNewRawContact()
    238:243:public boolean hasPhoneNumber()
    247:252:public boolean hasAddress()
fr.prados.contacts.VolatileContact$Copy:
    public static final java.lang.String MIMETYPE
    public static final java.lang.String CONTENT_ITEM_TYPE
    public static final java.lang.String SUMMARY_COLUMN
    public static final java.lang.String DETAIL_COLUMN
    public static final java.lang.String LOOKUP_COLUMN
fr.prados.contacts.VolatileContact$Import:
    public static final java.lang.String MIMETYPE
    public static final java.lang.String CONTENT_ITEM_TYPE
    public static final java.lang.String SUMMARY_COLUMN
    public static final java.lang.String DETAIL_COLUMN
    public static final java.lang.String LOOKUP_COLUMN
fr.prados.contacts.VolatileData:
    81:82:public void put(java.lang.String,boolean)
    85:86:public void put(java.lang.String,byte)
    93:94:public void put(java.lang.String,short)
    97:98:public void put(java.lang.String,int)
    110:111:public void put(java.lang.String,float)
    114:115:public void put(java.lang.String,double)
fr.prados.contacts.VolatileRawContact:
    public static final java.lang.String LOOKUP
    public static final java.lang.String MUST_DELETED
    public static final int PHOTO_UNKNWON
    public static final int PHOTO_YES
    public static final int PHOTO_NO
    171:177:public void init(android.accounts.Account,java.lang.String)
    186:188:public void removeAttr(java.lang.String)
    196:198:public void setAttr(java.lang.String,boolean)
    201:203:public void setAttr(java.lang.String,byte)
    206:208:public void setAttr(java.lang.String,byte[])
    211:213:public void setAttr(java.lang.String,short)
    221:228:public void setAttr(java.lang.String,long)
    231:233:public void setAttr(java.lang.String,float)
    236:238:public void setAttr(java.lang.String,double)
    242:251:public void setDisplayName(java.lang.String)
    260:261:public void setLookupKey(java.lang.String)
    328:355:public android.net.Uri updateInAndroid(android.content.ContentResolver,android.net.Uri,java.util.ArrayList)
    401:409:public android.net.Uri copyToAndroid(android.content.res.Resources,android.content.ContentResolver,boolean)
...
android.annotation.SuppressLint:
    public abstract java.lang.String[] value()
android.annotation.TargetApi:
    public abstract int value()
com.flurry.android.AdImage:
    22:22:public final long getId()
    27:27:public final int getWidth()
    32:32:public final int getHeight()
    37:37:public final java.lang.String getMimeType()
    42:42:public final byte[] getImageData()
com.flurry.android.AppCircle:
    16:17:public void launchCanvasOnBannerClicked(boolean)
    24:25:public void launchCatalogOnBannerClicked(boolean)
    30:30:public boolean isLaunchCanvasOnBannerClicked()
    35:35:public boolean isLaunchCatalogOnBannerClicked()
    40:40:public android.view.View getHook(android.content.Context,java.lang.String,int)
    45:46:public void openCatalog(android.content.Context)
    50:51:public void openCatalog(android.content.Context,java.lang.String)
    58:58:public boolean hasAds()
    66:66:public com.flurry.android.Offer getOffer()
    74:74:public com.flurry.android.Offer getOffer(java.lang.String)
    82:82:public java.util.List getAllOffers()
    90:90:public java.util.List getAllOffers(java.lang.String)
    95:96:public void acceptOffer(android.content.Context,long)
    100:101:public void removeOffers(java.util.List)
    105:106:public void setDefaultNoAdsMessage(java.lang.String)
    110:111:public void setAppCircleCallback(com.flurry.android.AppCircleCallback)
    118:119:public void addUserCookie(java.lang.String,java.lang.String)
    123:124:public void clearUserCookies()
com.flurry.android.CallbackEvent:
    public static final int ERROR_MARKET_LAUNCH
    public static final int ADS_LOADED_FROM_CACHE
    public static final int ADS_UPDATED
    30:30:public final int getType()
    38:38:public final java.lang.String getMessage()
    51:51:public final long getTimestamp()
    56:57:public final void setTimestamp(long)
com.flurry.android.Constants:
    public static final byte UNKNOWN
    public static final byte FEMALE
    public static final byte MALE
    public static final int MODE_PORTRAIT
    public static final int MODE_LANDSCAPE
com.flurry.android.FlurryAgent:
    289:290:public static void setCatalogIntentName(java.lang.String)
    298:298:public static com.flurry.android.AppCircle getAppCircle()
    308:317:static android.view.View a(android.content.Context,java.lang.String,int)
    323:326:static void a(android.content.Context,java.lang.String)
    335:337:static com.flurry.android.Offer a(java.lang.String)
    342:344:static java.util.List b(java.lang.String)
    349:355:static void a(android.content.Context,long)
    359:362:static void a(java.util.List)
    366:369:static void a(boolean)
    373:373:static boolean a()
    379:380:public static void enableAppCircle()
    384:387:public static void setDefaultNoAdsMessage(java.lang.String)
    391:392:static void a(com.flurry.android.AppCircleCallback)
    396:399:public static void addUserCookie(java.lang.String,java.lang.String)
    403:406:public static void clearUserCookies()
    415:416:public static void setUseHttps(boolean)
    481:487:public static void onPageView()
    493:499:public static void logEvent(java.lang.String)
    505:511:public static void logEvent(java.lang.String,java.util.Map)
    517:523:public static void logEvent(java.lang.String,boolean)
    529:535:public static void logEvent(java.lang.String,java.util.Map,boolean)
    541:547:public static void endTimedEvent(java.lang.String)
    563:564:public static void setReportUrl(java.lang.String)
    568:569:public static void setCanvasUrl(java.lang.String)